<?xml version="1.0" encoding="UTF-8"?>
<!-- Generated by org.testng.reporters.JUnitXMLReporter -->
<testsuite hostname="DT-SGH541RJSG" ignored="0" name="Command line test" tests="2" failures="0" timestamp="30 Jan 2019 12:46:45 GMT" time="76.797" errors="0">
  <testcase name="registrationTest" time="12.093" classname="com.utest.tests.TC001_RegistrationTest"/>
  <testcase name="LoginToApplication" time="13.982" classname="com.utest.tests.TC002_LoginToApplicationTest"/>
</testsuite> <!-- Command line test -->
