<?xml version="1.0" encoding="UTF-8"?>
<!-- Generated by org.testng.reporters.JUnitXMLReporter -->
<testsuite hostname="DT-SGH541RJSG" ignored="1" name="Test1" tests="2" failures="0" timestamp="30 Jan 2019 11:41:48 GMT" time="53.287" errors="0">
  <testcase name="@AfterTest extentReports" time="0.0" classname="com.utest.testBase.Base">
    <failure type="org.testng.TestNGException" message="
Can inject only one of &amp;lt;ITestContext, XmlTest&amp;gt; into a @AfterTest annotated extentReports.
For more information on native dependency injection please refer to http://testng.org/doc/documentation-main.html#native-dependency-injection">
      <![CDATA[org.testng.TestNGException: 
Can inject only one of <ITestContext, XmlTest> into a @AfterTest annotated extentReports.
For more information on native dependency injection please refer to http://testng.org/doc/documentation-main.html#native-dependency-injection
... Removed 21 stack frames]]>
    </failure>
  </testcase> <!-- @AfterTest extentReports -->
  <testcase name="registrationTest" time="9.851" classname="com.utest.tests.TC001_RegistrationTest"/>
  <testcase name="LoginToApplication" time="4.723" classname="com.utest.tests.TC002_LoginToApplicationTest"/>
  <testcase name="@AfterTest extentReports" time="0.0" classname="com.utest.testBase.Base">
    <ignored/>
  </testcase> <!-- @AfterTest extentReports -->
</testsuite> <!-- Test1 -->
