<?xml version="1.0" encoding="UTF-8"?>
<testng-results skipped="0" failed="0" ignored="1" total="3" passed="2">
  <reporter-output>
  </reporter-output>
  <suite name="Sanity Suite" duration-ms="53287" started-at="2019-01-30T11:40:54Z" finished-at="2019-01-30T11:41:48Z">
    <groups>
    </groups>
    <test name="Test1" duration-ms="53287" started-at="2019-01-30T11:40:54Z" finished-at="2019-01-30T11:41:48Z">
      <class name="com.utest.tests.TC002_LoginToApplicationTest">
        <test-method status="PASS" signature="setUp()[pri:0, instance:com.utest.tests.TC002_LoginToApplicationTest@4dfa3a9d]" name="setUp" is-config="true" duration-ms="16018" started-at="2019-01-30T11:41:24Z" finished-at="2019-01-30T11:41:40Z">
          <reporter-output>
          </reporter-output>
        </test-method> <!-- setUp -->
        <test-method status="PASS" signature="LoginToApplication()[pri:0, instance:com.utest.tests.TC002_LoginToApplicationTest@4dfa3a9d]" name="LoginToApplication" duration-ms="4723" started-at="2019-01-30T11:41:40Z" finished-at="2019-01-30T11:41:45Z">
          <reporter-output>
          </reporter-output>
        </test-method> <!-- LoginToApplication -->
        <test-method status="PASS" signature="closeBrowser(java.lang.reflect.Method)[pri:0, instance:com.utest.tests.TC002_LoginToApplicationTest@4dfa3a9d]" name="closeBrowser" is-config="true" duration-ms="2959" started-at="2019-01-30T11:41:45Z" finished-at="2019-01-30T11:41:48Z">
          <params>
            <param index="0">
              <value>
                <![CDATA[public void com.utest.tests.TC002_LoginToApplicationTest.LoginToApplication() throws java.lang.InterruptedException]]>
              </value>
            </param>
          </params>
          <reporter-output>
          </reporter-output>
        </test-method> <!-- closeBrowser -->
      </class> <!-- com.utest.tests.TC002_LoginToApplicationTest -->
      <class name="com.utest.tests.TC001_RegistrationTest">
        <test-method status="PASS" signature="setUp()[pri:0, instance:com.utest.tests.TC001_RegistrationTest@146ba0ac]" name="setUp" is-config="true" duration-ms="16776" started-at="2019-01-30T11:40:54Z" finished-at="2019-01-30T11:41:11Z">
          <reporter-output>
          </reporter-output>
        </test-method> <!-- setUp -->
        <test-method status="PASS" signature="registrationTest()[pri:0, instance:com.utest.tests.TC001_RegistrationTest@146ba0ac]" name="registrationTest" duration-ms="9851" started-at="2019-01-30T11:41:11Z" finished-at="2019-01-30T11:41:21Z">
          <reporter-output>
          </reporter-output>
        </test-method> <!-- registrationTest -->
        <test-method status="PASS" signature="closeBrowser(java.lang.reflect.Method)[pri:0, instance:com.utest.tests.TC001_RegistrationTest@146ba0ac]" name="closeBrowser" is-config="true" duration-ms="2923" started-at="2019-01-30T11:41:21Z" finished-at="2019-01-30T11:41:24Z">
          <params>
            <param index="0">
              <value>
                <![CDATA[public void com.utest.tests.TC001_RegistrationTest.registrationTest() throws java.lang.InterruptedException]]>
              </value>
            </param>
          </params>
          <reporter-output>
          </reporter-output>
        </test-method> <!-- closeBrowser -->
        <test-method status="FAIL" signature="extentReports(java.lang.reflect.Method)[pri:0, instance:com.utest.tests.TC001_RegistrationTest@146ba0ac]" name="extentReports" is-config="true" duration-ms="0" started-at="2019-01-30T11:41:48Z" finished-at="2019-01-30T11:41:48Z">
          <exception class="org.testng.TestNGException">
            <message>
              <![CDATA[
Can inject only one of <ITestContext, XmlTest> into a @AfterTest annotated extentReports.
For more information on native dependency injection please refer to http://testng.org/doc/documentation-main.html#native-dependency-injection]]>
            </message>
            <full-stacktrace>
              <![CDATA[org.testng.TestNGException: 
Can inject only one of <ITestContext, XmlTest> into a @AfterTest annotated extentReports.
For more information on native dependency injection please refer to http://testng.org/doc/documentation-main.html#native-dependency-injection
at org.testng.internal.Parameters.checkParameterTypes(Parameters.java:407)
at org.testng.internal.Parameters.createParametersForMethod(Parameters.java:356)
at org.testng.internal.Parameters.createParameters(Parameters.java:635)
at org.testng.internal.Parameters.createConfigurationParameters(Parameters.java:190)
at org.testng.internal.Invoker.invokeConfigurations(Invoker.java:209)
at org.testng.internal.Invoker.invokeConfigurations(Invoker.java:142)
at org.testng.TestRunner.afterRun(TestRunner.java:725)
at org.testng.TestRunner.run(TestRunner.java:509)
at org.testng.SuiteRunner.runTest(SuiteRunner.java:455)
at org.testng.SuiteRunner.runSequentially(SuiteRunner.java:450)
at org.testng.SuiteRunner.privateRun(SuiteRunner.java:415)
at org.testng.SuiteRunner.run(SuiteRunner.java:364)
at org.testng.SuiteRunnerWorker.runSuite(SuiteRunnerWorker.java:52)
at org.testng.SuiteRunnerWorker.run(SuiteRunnerWorker.java:84)
at org.testng.TestNG.runSuitesSequentially(TestNG.java:1208)
at org.testng.TestNG.runSuitesLocally(TestNG.java:1137)
at org.testng.TestNG.runSuites(TestNG.java:1049)
at org.testng.TestNG.run(TestNG.java:1017)
at org.testng.remote.AbstractRemoteTestNG.run(AbstractRemoteTestNG.java:114)
at org.testng.remote.RemoteTestNG.initAndRun(RemoteTestNG.java:251)
at org.testng.remote.RemoteTestNG.main(RemoteTestNG.java:77)
]]>
            </full-stacktrace>
          </exception> <!-- org.testng.TestNGException -->
          <reporter-output>
          </reporter-output>
        </test-method> <!-- extentReports -->
      </class> <!-- com.utest.tests.TC001_RegistrationTest -->
    </test> <!-- Test1 -->
  </suite> <!-- Sanity Suite -->
</testng-results>
